<?xml version="1.0" encoding="UTF-8"?>
<!-- Generated by org.testng.reporters.JUnitReportReporter -->
<testsuite skipped="0" hostname="DESKTOP-N7IDQCC" name="TestSteps.OpenSteps" tests="1" failures="0" timestamp="24 May 2021 05:52:22 GMT" time="2.488" errors="0">
  <testcase name="navigate" time="2.488" classname="TestSteps.OpenSteps"/>
</testsuite> <!-- TestSteps.OpenSteps -->
