<?xml version="1.0" encoding="UTF-8"?>
<!-- Generated by org.testng.reporters.JUnitReportReporter -->
<testsuite skipped="0" hostname="DESKTOP-N7IDQCC" name="TestSteps.OpenSteps" tests="1" failures="0" timestamp="21 May 2021 11:32:50 GMT" time="1.639" errors="0">
  <testcase name="navigate" time="1.639" classname="TestSteps.OpenSteps"/>
</testsuite> <!-- TestSteps.OpenSteps -->
