<?xml version="1.0" encoding="UTF-8"?>
<!-- Generated by org.testng.reporters.JUnitReportReporter -->
<testsuite skipped="0" hostname="DESKTOP-N7IDQCC" name="OpenSteps" tests="1" failures="0" timestamp="21 May 2021 09:37:33 GMT" time="10.588" errors="0">
  <testcase name="navigate" time="10.588" classname="OpenSteps"/>
</testsuite> <!-- OpenSteps -->
